<?xml version="1.0" encoding="UTF-8"?>
<!-- Generated by org.testng.reporters.JUnitReportReporter -->
<testsuite hostname="CDC2-D-CGQPXJ2" name="maven1.EXCEL" tests="1" failures="0" timestamp="16 Jul 2019 04:37:24 GMT" time="57.022" errors="0">
  <testcase name="f" time="57.022" classname="maven1.EXCEL"/>
</testsuite> <!-- maven1.EXCEL -->
