<?xml version="1.0" encoding="UTF-8"?>
<!-- Generated by org.testng.reporters.JUnitReportReporter -->
<testsuite hostname="CDC2-D-CGQPXJ2" name="maven1.actions" tests="1" failures="0" timestamp="15 Jul 2019 10:07:01 GMT" time="15.517" errors="0">
  <testcase name="f" time="15.517" classname="maven1.actions"/>
</testsuite> <!-- maven1.actions -->
