<?xml version="1.0" encoding="UTF-8"?>
<!-- Generated by org.testng.reporters.JUnitReportReporter -->
<testsuite hostname="CDC2-D-CGQPXJ2" name="maven1.NewTest" tests="1" failures="0" timestamp="15 Jul 2019 04:46:58 GMT" time="14.859" errors="0">
  <testcase name="f" time="14.859" classname="maven1.NewTest"/>
</testsuite> <!-- maven1.NewTest -->
